<?xml version="1.0" encoding="UTF-8"?>
<!-- Generated by org.testng.reporters.JUnitReportReporter -->
<testsuite hostname="DESKTOP-AUGHFJE" failures="0" tests="6" name="TestNg.TestNgClass" time="53.505" errors="0" timestamp="2023-02-15T23:00:54 IST" skipped="0">
  <testcase classname="TestNg.TestNgClass" name="verifyPrivacyPolicyLink" time="5.723"/>
  <system-out/>
  <testcase classname="TestNg.TestNgClass" name="verifycookiesPolicyLink" time="8.531"/>
  <system-out/>
  <testcase classname="TestNg.TestNgClass" name="verifycookiesPolicyLink" time="2.959"/>
  <system-out/>
  <testcase classname="TestNg.TestNgClass" name="verifyPrivacyPolicyLink" time="26.530"/>
  <system-out/>
  <testcase classname="TestNg.TestNgClass" name="verifytermsLink" time="6.716"/>
  <system-out/>
  <testcase classname="TestNg.TestNgClass" name="verifytermsLink" time="3.046"/>
  <system-out/>
</testsuite> <!-- TestNg.TestNgClass -->
